Compiling the CXX compiler identification source file "CMakeCXXCompilerId.cpp" failed.
Compiler: /bin/armv8-sony-linux-gnueabihf-g++ 
Build flags: ;-mfloat-abi=hard;-march=armv8-a+simd;--static;-Os;s
Id flags:  

The output was:
1
armv8-sony-linux-gnueabihf-g++: error: s: No such file or directory


Compiling the CXX compiler identification source file "CMakeCXXCompilerId.cpp" failed.
Compiler: /bin/armv8-sony-linux-gnueabihf-g++ 
Build flags: ;-mfloat-abi=hard;-march=armv8-a+simd;--static;-Os;s
Id flags: -c 

The output was:
1
armv8-sony-linux-gnueabihf-g++: error: s: No such file or directory


Compiling the CXX compiler identification source file "CMakeCXXCompilerId.cpp" failed.
Compiler: /bin/armv8-sony-linux-gnueabihf-g++ 
Build flags: ;-mfloat-abi=hard;-march=armv8-a+simd;--static;-Os;s
Id flags: --c++ 

The output was:
1
armv8-sony-linux-gnueabihf-g++: error: s: No such file or directory
armv8-sony-linux-gnueabihf-g++: error: unrecognized command line option '--c++'


Compiling the CXX compiler identification source file "CMakeCXXCompilerId.cpp" failed.
Compiler: /bin/armv8-sony-linux-gnueabihf-g++ 
Build flags: ;-mfloat-abi=hard;-march=armv8-a+simd;--static;-Os;s
Id flags: --ec++ 

The output was:
1
armv8-sony-linux-gnueabihf-g++: error: s: No such file or directory
armv8-sony-linux-gnueabihf-g++: error: unrecognized command line option '--ec++'; did you mean '-Weffc++'?


Determining if the pthread_create exist failed with the following output:
Change Dir: /src/build_arm/CMakeFiles/CMakeTmp

Run Build Command:"/usr/bin/make" "cmTC_d094c/fast"
/usr/bin/make -f CMakeFiles/cmTC_d094c.dir/build.make CMakeFiles/cmTC_d094c.dir/build
make[1]: Entering directory '/src/build_arm/CMakeFiles/CMakeTmp'
Building C object CMakeFiles/cmTC_d094c.dir/CheckSymbolExists.c.o
/bin/armv8-sony-linux-gnueabihf-gcc   -mfloat-abi=hard -march=armv8-a+simd -s -Os    -o CMakeFiles/cmTC_d094c.dir/CheckSymbolExists.c.o   -c /src/build_arm/CMakeFiles/CMakeTmp/CheckSymbolExists.c
Linking C executable cmTC_d094c
/usr/bin/cmake -E cmake_link_script CMakeFiles/cmTC_d094c.dir/link.txt --verbose=1
/bin/armv8-sony-linux-gnueabihf-gcc -mfloat-abi=hard -march=armv8-a+simd -s -Os     CMakeFiles/cmTC_d094c.dir/CheckSymbolExists.c.o  -o cmTC_d094c 
CMakeFiles/cmTC_d094c.dir/CheckSymbolExists.c.o: In function `main':
CheckSymbolExists.c:(.text.startup+0xc): undefined reference to `pthread_create'
collect2: error: ld returned 1 exit status
CMakeFiles/cmTC_d094c.dir/build.make:97: recipe for target 'cmTC_d094c' failed
make[1]: *** [cmTC_d094c] Error 1
make[1]: Leaving directory '/src/build_arm/CMakeFiles/CMakeTmp'
Makefile:126: recipe for target 'cmTC_d094c/fast' failed
make: *** [cmTC_d094c/fast] Error 2

File /src/build_arm/CMakeFiles/CMakeTmp/CheckSymbolExists.c:
/* */
#include <pthread.h>

int main(int argc, char** argv)
{
  (void)argv;
#ifndef pthread_create
  return ((int*)(&pthread_create))[argc];
#else
  (void)argc;
  return 0;
#endif
}

Determining if the function pthread_create exists in the pthreads failed with the following output:
Change Dir: /src/build_arm/CMakeFiles/CMakeTmp

Run Build Command:"/usr/bin/make" "cmTC_1b9b1/fast"
/usr/bin/make -f CMakeFiles/cmTC_1b9b1.dir/build.make CMakeFiles/cmTC_1b9b1.dir/build
make[1]: Entering directory '/src/build_arm/CMakeFiles/CMakeTmp'
Building C object CMakeFiles/cmTC_1b9b1.dir/CheckFunctionExists.c.o
/bin/armv8-sony-linux-gnueabihf-gcc   -mfloat-abi=hard -march=armv8-a+simd -s -Os -DCHECK_FUNCTION_EXISTS=pthread_create   -o CMakeFiles/cmTC_1b9b1.dir/CheckFunctionExists.c.o   -c /usr/share/cmake-3.10/Modules/CheckFunctionExists.c
Linking C executable cmTC_1b9b1
/usr/bin/cmake -E cmake_link_script CMakeFiles/cmTC_1b9b1.dir/link.txt --verbose=1
/bin/armv8-sony-linux-gnueabihf-gcc -mfloat-abi=hard -march=armv8-a+simd -s -Os -DCHECK_FUNCTION_EXISTS=pthread_create    CMakeFiles/cmTC_1b9b1.dir/CheckFunctionExists.c.o  -o cmTC_1b9b1 -lpthreads 
/bin/../lib/gcc/armv8-sony-linux-gnueabihf/8.2.0/../../../../armv8-sony-linux-gnueabihf/bin/ld.bfd: cannot find -lpthreads
collect2: error: ld returned 1 exit status
CMakeFiles/cmTC_1b9b1.dir/build.make:97: recipe for target 'cmTC_1b9b1' failed
make[1]: *** [cmTC_1b9b1] Error 1
make[1]: Leaving directory '/src/build_arm/CMakeFiles/CMakeTmp'
Makefile:126: recipe for target 'cmTC_1b9b1/fast' failed
make: *** [cmTC_1b9b1/fast] Error 2


